<?xml version="1.0" encoding="UTF-8"?>
<testsuite xmlns:xsi="http://www.w3.org/2001/XMLSchema-instance" xsi:noNamespaceSchemaLocation="https://maven.apache.org/surefire/maven-surefire-plugin/xsd/surefire-test-report-3.0.xsd" version="3.0" name="TestSuite" time="492.83" tests="27" errors="0" skipped="0" failures="0">
  <properties>
[...]
</properties>
  <testcase name="testLogoPresent" classname="Tests.HomePageTest" time="0.11">
    <system-err><![CDATA[SLF4J: Failed to load class "org.slf4j.impl.StaticLoggerBinder".
SLF4J: Defaulting to no-operation (NOP) logger implementation
SLF4J: See http://www.slf4j.org/codes.html#StaticLoggerBinder for further details.
juin 19, 2026 10:20:06 AM org.openqa.selenium.devtools.CdpVersionFinder findNearestMatch
AVERTISSEMENT: Unable to find CDP implementation matching 148
juin 19, 2026 10:20:06 AM org.openqa.selenium.chromium.ChromiumDriver lambda$new$5
AVERTISSEMENT: Unable to find version of CDP to use for 148.0.7778.217. You may need to include a dependency on a specific version of the CDP using something similar to `org.seleniumhq.selenium:selenium-devtools-v86:4.27.0` where the version ("v86") matches the version of the chromium-based browser you're using and the version number of the artifact is the same as Selenium's.
]]></system-err>
  </testcase>
  <testcase name="testMenuPrincipalPresent" classname="Tests.HomePageTest" time="0.07">
    <system-err><![CDATA[juin 19, 2026 10:20:10 AM org.openqa.selenium.devtools.CdpVersionFinder findNearestMatch
AVERTISSEMENT: Unable to find CDP implementation matching 148
juin 19, 2026 10:20:10 AM org.openqa.selenium.chromium.ChromiumDriver lambda$new$5
AVERTISSEMENT: Unable to find version of CDP to use for 148.0.7778.217. You may need to include a dependency on a specific version of the CDP using something similar to `org.seleniumhq.selenium:selenium-devtools-v86:4.27.0` where the version ("v86") matches the version of the chromium-based browser you're using and the version number of the artifact is the same as Selenium's.
]]></system-err>
  </testcase>
  <testcase name="testTitrePage" classname="Tests.HomePageTest" time="0.013">
    <system-err><![CDATA[juin 19, 2026 10:20:14 AM org.openqa.selenium.devtools.CdpVersionFinder findNearestMatch
AVERTISSEMENT: Unable to find CDP implementation matching 148
juin 19, 2026 10:20:14 AM org.openqa.selenium.chromium.ChromiumDriver lambda$new$5
AVERTISSEMENT: Unable to find version of CDP to use for 148.0.7778.217. You may need to include a dependency on a specific version of the CDP using something similar to `org.seleniumhq.selenium:selenium-devtools-v86:4.27.0` where the version ("v86") matches the version of the chromium-based browser you're using and the version number of the artifact is the same as Selenium's.
]]></system-err>
  </testcase>
  <testcase name="testURLCorrecte" classname="Tests.HomePageTest" time="0.012">
    <system-err><![CDATA[juin 19, 2026 10:20:18 AM org.openqa.selenium.devtools.CdpVersionFinder findNearestMatch
AVERTISSEMENT: Unable to find CDP implementation matching 148
juin 19, 2026 10:20:18 AM org.openqa.selenium.chromium.ChromiumDriver lambda$new$5
AVERTISSEMENT: Unable to find version of CDP to use for 148.0.7778.217. You may need to include a dependency on a specific version of the CDP using something similar to `org.seleniumhq.selenium:selenium-devtools-v86:4.27.0` where the version ("v86") matches the version of the chromium-based browser you're using and the version number of the artifact is the same as Selenium's.
]]></system-err>
  </testcase>
  <testcase name="testNavigationBeaute" classname="Tests.NavigationTest" time="0.21">
    <system-err><![CDATA[juin 19, 2026 10:20:22 AM org.openqa.selenium.devtools.CdpVersionFinder findNearestMatch
AVERTISSEMENT: Unable to find CDP implementation matching 148
juin 19, 2026 10:20:22 AM org.openqa.selenium.chromium.ChromiumDriver lambda$new$5
AVERTISSEMENT: Unable to find version of CDP to use for 148.0.7778.217. You may need to include a dependency on a specific version of the CDP using something similar to `org.seleniumhq.selenium:selenium-devtools-v86:4.27.0` where the version ("v86") matches the version of the chromium-based browser you're using and the version number of the artifact is the same as Selenium's.
]]></system-err>
  </testcase>
  <testcase name="testNavigationEnfants" classname="Tests.NavigationTest" time="0.211">
    <system-err><![CDATA[juin 19, 2026 10:20:26 AM org.openqa.selenium.devtools.CdpVersionFinder findNearestMatch
AVERTISSEMENT: Unable to find CDP implementation matching 148
juin 19, 2026 10:20:26 AM org.openqa.selenium.chromium.ChromiumDriver lambda$new$5
AVERTISSEMENT: Unable to find version of CDP to use for 148.0.7778.217. You may need to include a dependency on a specific version of the CDP using something similar to `org.seleniumhq.selenium:selenium-devtools-v86:4.27.0` where the version ("v86") matches the version of the chromium-based browser you're using and the version number of the artifact is the same as Selenium's.
]]></system-err>
  </testcase>
  <testcase name="testNavigationFemme" classname="Tests.NavigationTest" time="0.212">
    <system-err><![CDATA[juin 19, 2026 10:20:30 AM org.openqa.selenium.devtools.CdpVersionFinder findNearestMatch
AVERTISSEMENT: Unable to find CDP implementation matching 148
juin 19, 2026 10:20:30 AM org.openqa.selenium.chromium.ChromiumDriver lambda$new$5
AVERTISSEMENT: Unable to find version of CDP to use for 148.0.7778.217. You may need to include a dependency on a specific version of the CDP using something similar to `org.seleniumhq.selenium:selenium-devtools-v86:4.27.0` where the version ("v86") matches the version of the chromium-based browser you're using and the version number of the artifact is the same as Selenium's.
]]></system-err>
  </testcase>
  <testcase name="testNavigationHomme" classname="Tests.NavigationTest" time="0.19">
    <system-err><![CDATA[juin 19, 2026 10:20:34 AM org.openqa.selenium.devtools.CdpVersionFinder findNearestMatch
AVERTISSEMENT: Unable to find CDP implementation matching 148
juin 19, 2026 10:20:34 AM org.openqa.selenium.chromium.ChromiumDriver lambda$new$5
AVERTISSEMENT: Unable to find version of CDP to use for 148.0.7778.217. You may need to include a dependency on a specific version of the CDP using something similar to `org.seleniumhq.selenium:selenium-devtools-v86:4.27.0` where the version ("v86") matches the version of the chromium-based browser you're using and the version number of the artifact is the same as Selenium's.
]]></system-err>
  </testcase>
  <testcase name="testNavigationSport" classname="Tests.NavigationTest" time="0.171">
    <system-err><![CDATA[juin 19, 2026 10:20:39 AM org.openqa.selenium.devtools.CdpVersionFinder findNearestMatch
AVERTISSEMENT: Unable to find CDP implementation matching 148
juin 19, 2026 10:20:39 AM org.openqa.selenium.chromium.ChromiumDriver lambda$new$5
AVERTISSEMENT: Unable to find version of CDP to use for 148.0.7778.217. You may need to include a dependency on a specific version of the CDP using something similar to `org.seleniumhq.selenium:selenium-devtools-v86:4.27.0` where the version ("v86") matches the version of the chromium-based browser you're using and the version number of the artifact is the same as Selenium's.
]]></system-err>
  </testcase>
  <testcase name="testRechercheValide" classname="Tests.SearchTest" time="18.57">
    <system-err><![CDATA[juin 19, 2026 10:20:42 AM org.openqa.selenium.devtools.CdpVersionFinder findNearestMatch
AVERTISSEMENT: Unable to find CDP implementation matching 148
juin 19, 2026 10:20:42 AM org.openqa.selenium.chromium.ChromiumDriver lambda$new$5
AVERTISSEMENT: Unable to find version of CDP to use for 148.0.7778.217. You may need to include a dependency on a specific version of the CDP using something similar to `org.seleniumhq.selenium:selenium-devtools-v86:4.27.0` where the version ("v86") matches the version of the chromium-based browser you're using and the version number of the artifact is the same as Selenium's.
]]></system-err>
  </testcase>
  <testcase name="testRechercheVideSansResultat" classname="Tests.SearchTest" time="4.789">
    <system-err><![CDATA[juin 19, 2026 10:21:04 AM org.openqa.selenium.devtools.CdpVersionFinder findNearestMatch
AVERTISSEMENT: Unable to find CDP implementation matching 148
juin 19, 2026 10:21:04 AM org.openqa.selenium.chromium.ChromiumDriver lambda$new$5
AVERTISSEMENT: Unable to find version of CDP to use for 148.0.7778.217. You may need to include a dependency on a specific version of the CDP using something similar to `org.seleniumhq.selenium:selenium-devtools-v86:4.27.0` where the version ("v86") matches the version of the chromium-based browser you're using and the version number of the artifact is the same as Selenium's.
]]></system-err>
  </testcase>
  <testcase name="testClicProduitEtTitre" classname="Tests.ProductTest" time="12.434">
    <system-err><![CDATA[juin 19, 2026 10:21:17 AM org.openqa.selenium.devtools.CdpVersionFinder findNearestMatch
AVERTISSEMENT: Unable to find CDP implementation matching 148
juin 19, 2026 10:21:17 AM org.openqa.selenium.chromium.ChromiumDriver lambda$new$5
AVERTISSEMENT: Unable to find version of CDP to use for 148.0.7778.217. You may need to include a dependency on a specific version of the CDP using something similar to `org.seleniumhq.selenium:selenium-devtools-v86:4.27.0` where the version ("v86") matches the version of the chromium-based browser you're using and the version number of the artifact is the same as Selenium's.
]]></system-err>
  </testcase>
  <testcase name="testPageCategorieCharge" classname="Tests.ProductTest" time="0.193">
    <system-err><![CDATA[juin 19, 2026 10:21:33 AM org.openqa.selenium.devtools.CdpVersionFinder findNearestMatch
AVERTISSEMENT: Unable to find CDP implementation matching 148
juin 19, 2026 10:21:33 AM org.openqa.selenium.chromium.ChromiumDriver lambda$new$5
AVERTISSEMENT: Unable to find version of CDP to use for 148.0.7778.217. You may need to include a dependency on a specific version of the CDP using something similar to `org.seleniumhq.selenium:selenium-devtools-v86:4.27.0` where the version ("v86") matches the version of the chromium-based browser you're using and the version number of the artifact is the same as Selenium's.
]]></system-err>
  </testcase>
  <testcase name="testPrixProduitPresent" classname="Tests.ProductTest" time="9.198">
    <system-err><![CDATA[juin 19, 2026 10:21:51 AM org.openqa.selenium.devtools.CdpVersionFinder findNearestMatch
AVERTISSEMENT: Unable to find CDP implementation matching 148
juin 19, 2026 10:21:51 AM org.openqa.selenium.chromium.ChromiumDriver lambda$new$5
AVERTISSEMENT: Unable to find version of CDP to use for 148.0.7778.217. You may need to include a dependency on a specific version of the CDP using something similar to `org.seleniumhq.selenium:selenium-devtools-v86:4.27.0` where the version ("v86") matches the version of the chromium-based browser you're using and the version number of the artifact is the same as Selenium's.
]]></system-err>
  </testcase>
  <testcase name="testProduitsPresents" classname="Tests.ProductTest" time="0.623">
    <system-err><![CDATA[juin 19, 2026 10:22:04 AM org.openqa.selenium.devtools.CdpVersionFinder findNearestMatch
AVERTISSEMENT: Unable to find CDP implementation matching 148
juin 19, 2026 10:22:04 AM org.openqa.selenium.chromium.ChromiumDriver lambda$new$5
AVERTISSEMENT: Unable to find version of CDP to use for 148.0.7778.217. You may need to include a dependency on a specific version of the CDP using something similar to `org.seleniumhq.selenium:selenium-devtools-v86:4.27.0` where the version ("v86") matches the version of the chromium-based browser you're using and the version number of the artifact is the same as Selenium's.
]]></system-err>
  </testcase>
  <testcase name="testAjoutAuPanier" classname="Tests.CartTest" time="7.939">
    <system-err><![CDATA[juin 19, 2026 10:22:08 AM org.openqa.selenium.devtools.CdpVersionFinder findNearestMatch
AVERTISSEMENT: Unable to find CDP implementation matching 148
juin 19, 2026 10:22:08 AM org.openqa.selenium.chromium.ChromiumDriver lambda$new$5
AVERTISSEMENT: Unable to find version of CDP to use for 148.0.7778.217. You may need to include a dependency on a specific version of the CDP using something similar to `org.seleniumhq.selenium:selenium-devtools-v86:4.27.0` where the version ("v86") matches the version of the chromium-based browser you're using and the version number of the artifact is the same as Selenium's.
]]></system-err>
  </testcase>
  <testcase name="testPagePanierCharge" classname="Tests.CartTest" time="4.44">
    <system-err><![CDATA[juin 19, 2026 10:22:19 AM org.openqa.selenium.devtools.CdpVersionFinder findNearestMatch
AVERTISSEMENT: Unable to find CDP implementation matching 148
juin 19, 2026 10:22:19 AM org.openqa.selenium.chromium.ChromiumDriver lambda$new$5
AVERTISSEMENT: Unable to find version of CDP to use for 148.0.7778.217. You may need to include a dependency on a specific version of the CDP using something similar to `org.seleniumhq.selenium:selenium-devtools-v86:4.27.0` where the version ("v86") matches the version of the chromium-based browser you're using and the version number of the artifact is the same as Selenium's.
]]></system-err>
  </testcase>
  <testcase name="testPanierNonVideApresAjout" classname="Tests.CartTest" time="17.065">
    <system-err><![CDATA[juin 19, 2026 10:22:38 AM org.openqa.selenium.devtools.CdpVersionFinder findNearestMatch
AVERTISSEMENT: Unable to find CDP implementation matching 148
juin 19, 2026 10:22:38 AM org.openqa.selenium.chromium.ChromiumDriver lambda$new$5
AVERTISSEMENT: Unable to find version of CDP to use for 148.0.7778.217. You may need to include a dependency on a specific version of the CDP using something similar to `org.seleniumhq.selenium:selenium-devtools-v86:4.27.0` where the version ("v86") matches the version of the chromium-based browser you're using and the version number of the artifact is the same as Selenium's.
]]></system-err>
  </testcase>
  <testcase name="testConnexionEmailFormatInvalide" classname="Tests.LoginTest" time="31.008">
    <system-err><![CDATA[juin 19, 2026 10:22:59 AM org.openqa.selenium.devtools.CdpVersionFinder findNearestMatch
AVERTISSEMENT: Unable to find CDP implementation matching 148
juin 19, 2026 10:22:59 AM org.openqa.selenium.chromium.ChromiumDriver lambda$new$5
AVERTISSEMENT: Unable to find version of CDP to use for 148.0.7778.217. You may need to include a dependency on a specific version of the CDP using something similar to `org.seleniumhq.selenium:selenium-devtools-v86:4.27.0` where the version ("v86") matches the version of the chromium-based browser you're using and the version number of the artifact is the same as Selenium's.
]]></system-err>
  </testcase>
  <testcase name="testConnexionEmailVide" classname="Tests.LoginTest" time="34.153">
    <system-err><![CDATA[juin 19, 2026 10:23:46 AM org.openqa.selenium.devtools.CdpVersionFinder findNearestMatch
AVERTISSEMENT: Unable to find CDP implementation matching 148
juin 19, 2026 10:23:46 AM org.openqa.selenium.chromium.ChromiumDriver lambda$new$5
AVERTISSEMENT: Unable to find version of CDP to use for 148.0.7778.217. You may need to include a dependency on a specific version of the CDP using something similar to `org.seleniumhq.selenium:selenium-devtools-v86:4.27.0` where the version ("v86") matches the version of the chromium-based browser you're using and the version number of the artifact is the same as Selenium's.
]]></system-err>
  </testcase>
  <testcase name="testConnexionIdentifiantsInvalides" classname="Tests.LoginTest" time="30.249">
    <system-err><![CDATA[juin 19, 2026 10:24:35 AM org.openqa.selenium.devtools.CdpVersionFinder findNearestMatch
AVERTISSEMENT: Unable to find CDP implementation matching 148
juin 19, 2026 10:24:35 AM org.openqa.selenium.chromium.ChromiumDriver lambda$new$5
AVERTISSEMENT: Unable to find version of CDP to use for 148.0.7778.217. You may need to include a dependency on a specific version of the CDP using something similar to `org.seleniumhq.selenium:selenium-devtools-v86:4.27.0` where the version ("v86") matches the version of the chromium-based browser you're using and the version number of the artifact is the same as Selenium's.
]]></system-err>
  </testcase>
  <testcase name="testConnexionIdentifiantsValides" classname="Tests.LoginTest" time="6.119">
    <system-err><![CDATA[juin 19, 2026 10:25:21 AM org.openqa.selenium.devtools.CdpVersionFinder findNearestMatch
AVERTISSEMENT: Unable to find CDP implementation matching 148
juin 19, 2026 10:25:21 AM org.openqa.selenium.chromium.ChromiumDriver lambda$new$5
AVERTISSEMENT: Unable to find version of CDP to use for 148.0.7778.217. You may need to include a dependency on a specific version of the CDP using something similar to `org.seleniumhq.selenium:selenium-devtools-v86:4.27.0` where the version ("v86") matches the version of the chromium-based browser you're using and the version number of the artifact is the same as Selenium's.
]]></system-err>
  </testcase>
  <testcase name="testConnexionMotDePasseVide" classname="Tests.LoginTest" time="30.277">
    <system-err><![CDATA[juin 19, 2026 10:25:32 AM org.openqa.selenium.devtools.CdpVersionFinder findNearestMatch
AVERTISSEMENT: Unable to find CDP implementation matching 148
juin 19, 2026 10:25:32 AM org.openqa.selenium.chromium.ChromiumDriver lambda$new$5
AVERTISSEMENT: Unable to find version of CDP to use for 148.0.7778.217. You may need to include a dependency on a specific version of the CDP using something similar to `org.seleniumhq.selenium:selenium-devtools-v86:4.27.0` where the version ("v86") matches the version of the chromium-based browser you're using and the version number of the artifact is the same as Selenium's.
]]></system-err>
  </testcase>
  <testcase name="testPageLoginCharge" classname="Tests.LoginTest" time="5.205">
    <system-err><![CDATA[juin 19, 2026 10:26:07 AM org.openqa.selenium.devtools.CdpVersionFinder findNearestMatch
AVERTISSEMENT: Unable to find CDP implementation matching 148
juin 19, 2026 10:26:07 AM org.openqa.selenium.chromium.ChromiumDriver lambda$new$5
AVERTISSEMENT: Unable to find version of CDP to use for 148.0.7778.217. You may need to include a dependency on a specific version of the CDP using something similar to `org.seleniumhq.selenium:selenium-devtools-v86:4.27.0` where the version ("v86") matches the version of the chromium-based browser you're using and the version number of the artifact is the same as Selenium's.
]]></system-err>
  </testcase>
  <testcase name="testParcourAchatComplet" classname="Tests.E2ETest" time="59.307">
    <system-err><![CDATA[juin 19, 2026 10:26:17 AM org.openqa.selenium.devtools.CdpVersionFinder findNearestMatch
AVERTISSEMENT: Unable to find CDP implementation matching 148
juin 19, 2026 10:26:17 AM org.openqa.selenium.chromium.ChromiumDriver lambda$new$5
AVERTISSEMENT: Unable to find version of CDP to use for 148.0.7778.217. You may need to include a dependency on a specific version of the CDP using something similar to `org.seleniumhq.selenium:selenium-devtools-v86:4.27.0` where the version ("v86") matches the version of the chromium-based browser you're using and the version number of the artifact is the same as Selenium's.
]]></system-err>
  </testcase>
  <testcase name="testParcourConnexionInvalide" classname="Tests.E2ETest" time="30.102">
    <system-err><![CDATA[juin 19, 2026 10:27:21 AM org.openqa.selenium.devtools.CdpVersionFinder findNearestMatch
AVERTISSEMENT: Unable to find CDP implementation matching 148
juin 19, 2026 10:27:21 AM org.openqa.selenium.chromium.ChromiumDriver lambda$new$5
AVERTISSEMENT: Unable to find version of CDP to use for 148.0.7778.217. You may need to include a dependency on a specific version of the CDP using something similar to `org.seleniumhq.selenium:selenium-devtools-v86:4.27.0` where the version ("v86") matches the version of the chromium-based browser you're using and the version number of the artifact is the same as Selenium's.
]]></system-err>
  </testcase>
  <testcase name="testParcourNavigationRecherche" classname="Tests.E2ETest" time="16.297">
    <system-err><![CDATA[juin 19, 2026 10:27:55 AM org.openqa.selenium.devtools.CdpVersionFinder findNearestMatch
AVERTISSEMENT: Unable to find CDP implementation matching 148
juin 19, 2026 10:27:55 AM org.openqa.selenium.chromium.ChromiumDriver lambda$new$5
AVERTISSEMENT: Unable to find version of CDP to use for 148.0.7778.217. You may need to include a dependency on a specific version of the CDP using something similar to `org.seleniumhq.selenium:selenium-devtools-v86:4.27.0` where the version ("v86") matches the version of the chromium-based browser you're using and the version number of the artifact is the same as Selenium's.
]]></system-err>
  </testcase>
</testsuite>