<?xml version="1.0" encoding="UTF-8"?>
<!-- Generated by org.testng.reporters.JUnitXMLReporter -->
<testsuite ignored="0" hostname="LAPTOP-ONKV2S9S" failures="0" tests="27" name="Tests Drest.tn" time="491.328" errors="0" timestamp="2026-06-19T10:28:15 CEST">
  <testcase classname="Tests.HomePageTest" name="testLogoPresent" time="0.101"/>
  <testcase classname="Tests.HomePageTest" name="testMenuPrincipalPresent" time="0.07"/>
  <testcase classname="Tests.HomePageTest" name="testTitrePage" time="0.014"/>
  <testcase classname="Tests.HomePageTest" name="testURLCorrecte" time="0.009"/>
  <testcase classname="Tests.NavigationTest" name="testNavigationBeaute" time="0.209"/>
  <testcase classname="Tests.NavigationTest" name="testNavigationEnfants" time="0.209"/>
  <testcase classname="Tests.NavigationTest" name="testNavigationFemme" time="0.212"/>
  <testcase classname="Tests.NavigationTest" name="testNavigationHomme" time="0.194"/>
  <testcase classname="Tests.NavigationTest" name="testNavigationSport" time="0.169"/>
  <testcase classname="Tests.SearchTest" name="testRechercheValide" time="18.566"/>
  <testcase classname="Tests.SearchTest" name="testRechercheVideSansResultat" time="4.791"/>
  <testcase classname="Tests.ProductTest" name="testClicProduitEtTitre" time="12.434"/>
  <testcase classname="Tests.ProductTest" name="testPageCategorieCharge" time="0.191"/>
  <testcase classname="Tests.ProductTest" name="testPrixProduitPresent" time="9.199"/>
  <testcase classname="Tests.ProductTest" name="testProduitsPresents" time="0.623"/>
  <testcase classname="Tests.CartTest" name="testAjoutAuPanier" time="7.932"/>
  <testcase classname="Tests.CartTest" name="testPagePanierCharge" time="4.438"/>
  <testcase classname="Tests.CartTest" name="testPanierNonVideApresAjout" time="17.063"/>
  <testcase classname="Tests.LoginTest" name="testConnexionEmailFormatInvalide" time="31.006"/>
  <testcase classname="Tests.LoginTest" name="testConnexionEmailVide" time="34.147"/>
  <testcase classname="Tests.LoginTest" name="testConnexionIdentifiantsInvalides" time="30.244"/>
  <testcase classname="Tests.LoginTest" name="testConnexionIdentifiantsValides" time="6.119"/>
  <testcase classname="Tests.LoginTest" name="testConnexionMotDePasseVide" time="30.272"/>
  <testcase classname="Tests.LoginTest" name="testPageLoginCharge" time="5.2"/>
  <testcase classname="Tests.E2ETest" name="testParcourAchatComplet" time="59.299"/>
  <testcase classname="Tests.E2ETest" name="testParcourConnexionInvalide" time="30.102"/>
  <testcase classname="Tests.E2ETest" name="testParcourNavigationRecherche" time="16.294"/>
</testsuite> <!-- Tests Drest.tn -->
