<?xml version="1.0" encoding="UTF-8"?>
<!-- Generated by org.testng.reporters.JUnitXMLReporter -->
<testsuite ignored="0" hostname="LAPTOP-ONKV2S9S" failures="0" tests="21" name="Tests Drest.tn" time="183.388" errors="0" timestamp="2026-06-11T12:28:09 CEST">
  <testcase classname="Tests.HomePageTest" name="testLogoPresent" time="0.218"/>
  <testcase classname="Tests.HomePageTest" name="testMenuPrincipalPresent" time="0.115"/>
  <testcase classname="Tests.HomePageTest" name="testTitrePage" time="0.024"/>
  <testcase classname="Tests.HomePageTest" name="testURLCorrecte" time="0.022"/>
  <testcase classname="Tests.NavigationTest" name="testNavigationBeaute" time="0.293"/>
  <testcase classname="Tests.NavigationTest" name="testNavigationEnfants" time="0.297"/>
  <testcase classname="Tests.NavigationTest" name="testNavigationFemme" time="0.278"/>
  <testcase classname="Tests.NavigationTest" name="testNavigationHomme" time="0.256"/>
  <testcase classname="Tests.NavigationTest" name="testNavigationSport" time="0.237"/>
  <testcase classname="Tests.SearchTest" name="testRechercheValide" time="2.109"/>
  <testcase classname="Tests.SearchTest" name="testRechercheVideSansResultat" time="5.022"/>
  <testcase classname="Tests.ProductTest" name="testClicProduitEtTitre" time="5.492"/>
  <testcase classname="Tests.ProductTest" name="testPageCategorieCharge" time="0.239"/>
  <testcase classname="Tests.ProductTest" name="testPrixProduitPresent" time="5.323"/>
  <testcase classname="Tests.ProductTest" name="testProduitsPresents" time="0.702"/>
  <testcase classname="Tests.CartTest" name="testAjoutAuPanier" time="7.909"/>
  <testcase classname="Tests.CartTest" name="testPagePanierCharge" time="2.485"/>
  <testcase classname="Tests.CartTest" name="testPanierNonVideApresAjout" time="9.251"/>
  <testcase classname="Tests.LoginTest" name="testConnexionIdentifiantsInvalides" time="26.328"/>
  <testcase classname="Tests.LoginTest" name="testConnexionIdentifiantsValides" time="6.973"/>
  <testcase classname="Tests.LoginTest" name="testPageLoginCharge" time="8.373"/>
</testsuite> <!-- Tests Drest.tn -->
