<?xml version="1.0" encoding="UTF-8"?>
<!-- Generated by org.testng.reporters.JUnitReportReporter -->
<testsuite hostname="LAPTOP-ONKV2S9S" failures="0" tests="5" name="Tests.NavigationTest" time="42.708" errors="0" timestamp="2026-07-27T16:33:09 CEST" skipped="0">
  <testcase classname="Tests.NavigationTest" name="testNavigationHomme" time="8.094"/>
  <testcase classname="Tests.NavigationTest" name="testNavigationSport" time="8.970"/>
  <testcase classname="Tests.NavigationTest" name="testNavigationBeaute" time="8.729"/>
  <testcase classname="Tests.NavigationTest" name="testNavigationFemme" time="8.648"/>
  <testcase classname="Tests.NavigationTest" name="testNavigationEnfants" time="8.267"/>
</testsuite> <!-- Tests.NavigationTest -->
