<?xml version="1.0" encoding="UTF-8"?>
<!-- Generated by org.testng.reporters.JUnitReportReporter -->
<testsuite hostname="LAPTOP-ONKV2S9S" failures="0" tests="6" name="Tests.LoginTest" time="197.474" errors="0" timestamp="2026-06-19T10:28:15 CEST" skipped="0">
  <testcase classname="Tests.LoginTest" name="testConnexionIdentifiantsValides" time="11.972"/>
  <testcase classname="Tests.LoginTest" name="testConnexionEmailFormatInvalide" time="46.655"/>
  <testcase classname="Tests.LoginTest" name="testConnexionMotDePasseVide" time="34.292"/>
  <testcase classname="Tests.LoginTest" name="testConnexionEmailVide" time="37.737"/>
  <testcase classname="Tests.LoginTest" name="testPageLoginCharge" time="21.486"/>
  <testcase classname="Tests.LoginTest" name="testConnexionIdentifiantsInvalides" time="45.332"/>
</testsuite> <!-- Tests.LoginTest -->
