<?xml version="1.0" encoding="UTF-8"?>
<!-- Generated by org.testng.reporters.JUnitReportReporter -->
<testsuite hostname="LAPTOP-ONKV2S9S" failures="0" tests="4" name="Tests.HomePageTest" time="32.763" errors="0" timestamp="2026-06-18T16:19:32 CEST" skipped="0">
  <testcase classname="Tests.HomePageTest" name="testURLCorrecte" time="3.759"/>
  <testcase classname="Tests.HomePageTest" name="testLogoPresent" time="17.871"/>
  <testcase classname="Tests.HomePageTest" name="testTitrePage" time="4.222"/>
  <testcase classname="Tests.HomePageTest" name="testMenuPrincipalPresent" time="6.911"/>
</testsuite> <!-- Tests.HomePageTest -->
