<?xml version="1.0" encoding="UTF-8"?>
<!-- Generated by org.testng.reporters.JUnitReportReporter -->
<testsuite hostname="LAPTOP-ONKV2S9S" failures="0" tests="4" name="Tests.ProductTest" time="51.714" errors="0" timestamp="2026-06-19T10:28:15 CEST" skipped="0">
  <testcase classname="Tests.ProductTest" name="testClicProduitEtTitre" time="16.296"/>
  <testcase classname="Tests.ProductTest" name="testPageCategorieCharge" time="3.627"/>
  <testcase classname="Tests.ProductTest" name="testPrixProduitPresent" time="27.655"/>
  <testcase classname="Tests.ProductTest" name="testProduitsPresents" time="4.136"/>
</testsuite> <!-- Tests.ProductTest -->
