<?xml version="1.0" encoding="UTF-8"?>
<!-- Generated by org.testng.reporters.JUnitReportReporter -->
<testsuite hostname="LAPTOP-ONKV2S9S" failures="0" tests="3" name="Tests.E2ETest" time="119.247" errors="0" timestamp="2026-06-19T10:28:15 CEST" skipped="0">
  <testcase classname="Tests.E2ETest" name="testParcourAchatComplet" time="63.230"/>
  <testcase classname="Tests.E2ETest" name="testParcourNavigationRecherche" time="21.969"/>
  <testcase classname="Tests.E2ETest" name="testParcourConnexionInvalide" time="34.048"/>
</testsuite> <!-- Tests.E2ETest -->
