<?xml version="1.0" encoding="UTF-8"?>
<!-- Generated by org.testng.reporters.JUnitReportReporter -->
<testsuite hostname="LAPTOP-ONKV2S9S" failures="0" tests="4" name="Tests.ProductTest" time="26.802" errors="0" timestamp="2026-06-11T12:28:09 CEST" skipped="0">
  <testcase classname="Tests.ProductTest" name="testPageCategorieCharge" time="3.995"/>
  <testcase classname="Tests.ProductTest" name="testProduitsPresents" time="4.863"/>
  <testcase classname="Tests.ProductTest" name="testPrixProduitPresent" time="8.904"/>
  <testcase classname="Tests.ProductTest" name="testClicProduitEtTitre" time="9.040"/>
</testsuite> <!-- Tests.ProductTest -->
