<?xml version="1.0" encoding="UTF-8"?>
<!-- Generated by org.testng.reporters.JUnitReportReporter -->
<testsuite hostname="LAPTOP-ONKV2S9S" failures="0" tests="6" name="Tests.LoginTest" time="390.276" errors="0" timestamp="2026-09-04T15:01:48 CEST" skipped="0">
  <testcase classname="Tests.LoginTest" name="testPageLoginCharge" time="39.545"/>
  <testcase classname="Tests.LoginTest" name="testConnexionEmailVide" time="60.835"/>
  <testcase classname="Tests.LoginTest" name="testConnexionIdentifiantsValides" time="58.192"/>
  <testcase classname="Tests.LoginTest" name="testConnexionMotDePasseVide" time="87.210"/>
  <testcase classname="Tests.LoginTest" name="testConnexionIdentifiantsInvalides" time="73.549"/>
  <testcase classname="Tests.LoginTest" name="testConnexionEmailFormatInvalide" time="70.945"/>
</testsuite> <!-- Tests.LoginTest -->
