<?xml version="1.0" encoding="UTF-8"?>
<!-- Generated by org.testng.reporters.JUnitReportReporter -->
<testsuite hostname="LAPTOP-ONKV2S9S" failures="0" tests="4" name="Tests.HomePageTest" time="37.929" errors="0" timestamp="2026-09-04T15:01:48 CEST" skipped="0">
  <testcase classname="Tests.HomePageTest" name="testTitrePage" time="12.949"/>
  <testcase classname="Tests.HomePageTest" name="testMenuPrincipalPresent" time="8.744"/>
  <testcase classname="Tests.HomePageTest" name="testLogoPresent" time="8.264"/>
  <testcase classname="Tests.HomePageTest" name="testURLCorrecte" time="7.972"/>
</testsuite> <!-- Tests.HomePageTest -->
