<?xml version="1.0" encoding="UTF-8"?>
<!-- Generated by org.testng.reporters.JUnitReportReporter -->
<testsuite hostname="LAPTOP-ONKV2S9S" failures="0" tests="3" name="Tests.E2ETest" time="372.949" errors="0" timestamp="2026-09-04T15:01:48 CEST" skipped="0">
  <testcase classname="Tests.E2ETest" name="testParcourAchatComplet" time="234.079"/>
  <testcase classname="Tests.E2ETest" name="testParcourConnexionInvalide" time="65.567"/>
  <testcase classname="Tests.E2ETest" name="testParcourNavigationRecherche" time="73.303"/>
</testsuite> <!-- Tests.E2ETest -->
