<?xml version="1.0" encoding="UTF-8"?>
<!-- Generated by org.testng.reporters.JUnitReportReporter -->
<testsuite hostname="LAPTOP-ONKV2S9S" failures="0" tests="5" name="Tests.NavigationTest" time="27.803" errors="0" timestamp="2026-06-11T12:28:09 CEST" skipped="0">
  <testcase classname="Tests.NavigationTest" name="testNavigationSport" time="3.761"/>
  <testcase classname="Tests.NavigationTest" name="testNavigationHomme" time="4.297"/>
  <testcase classname="Tests.NavigationTest" name="testNavigationEnfants" time="3.913"/>
  <testcase classname="Tests.NavigationTest" name="testNavigationFemme" time="3.909"/>
  <testcase classname="Tests.NavigationTest" name="testNavigationBeaute" time="11.923"/>
</testsuite> <!-- Tests.NavigationTest -->
