<?xml version="1.0" encoding="UTF-8"?>
<!-- Generated by org.testng.reporters.JUnitReportReporter -->
<testsuite hostname="LAPTOP-ONKV2S9S" failures="0" tests="3" name="Tests.CartTest" time="31.871" errors="0" timestamp="2026-06-11T12:28:09 CEST" skipped="0">
  <testcase classname="Tests.CartTest" name="testPagePanierCharge" time="6.807"/>
  <testcase classname="Tests.CartTest" name="testAjoutAuPanier" time="12.161"/>
  <testcase classname="Tests.CartTest" name="testPanierNonVideApresAjout" time="12.903"/>
</testsuite> <!-- Tests.CartTest -->
