<?xml version="1.0" encoding="UTF-8"?>
<!-- Generated by org.testng.reporters.JUnitReportReporter -->
<testsuite hostname="LAPTOP-ONKV2S9S" failures="0" tests="3" name="Tests.CartTest" time="50.546" errors="0" timestamp="2026-06-19T10:28:15 CEST" skipped="0">
  <testcase classname="Tests.CartTest" name="testAjoutAuPanier" time="22.700"/>
  <testcase classname="Tests.CartTest" name="testPagePanierCharge" time="8.544"/>
  <testcase classname="Tests.CartTest" name="testPanierNonVideApresAjout" time="19.302"/>
</testsuite> <!-- Tests.CartTest -->
